15:46:05  [main] 	Initializing Control Panel
15:46:05  [main] 	Windows Version:  Enterprise  64-bit
15:46:05  [main] 	XAMPP Version: 7.2.27
15:46:05  [main] 	Control Panel Version: 3.2.4  [ Compiled: Jun 5th 2019 ]
15:46:05  [main] 	You are not running with administrator rights! This will work for
15:46:05  [main] 	most application stuff but whenever you do something with services
15:46:05  [main] 	there will be a security dialogue or things will break! So think 
15:46:05  [main] 	about running this application with administrator rights!
15:46:05  [main] 	XAMPP Installation Directory: "c:\xampp\"
15:46:05  [main] 	Checking for prerequisites
15:46:05  [main] 	All prerequisites found
15:46:05  [main] 	Initializing Modules
15:46:05  [main] 	Starting Check-Timer
15:46:05  [main] 	Control Panel Ready
15:50:51  [main] 	Deinitializing Modules
15:50:51  [main] 	Deinitializing Control Panel

14:12:31  [main] 	Initializing Control Panel
14:12:31  [main] 	Windows Version:  Enterprise  64-bit
14:12:31  [main] 	XAMPP Version: 7.2.27
14:12:31  [main] 	Control Panel Version: 3.2.4  [ Compiled: Jun 5th 2019 ]
14:12:31  [main] 	You are not running with administrator rights! This will work for
14:12:31  [main] 	most application stuff but whenever you do something with services
14:12:31  [main] 	there will be a security dialogue or things will break! So think 
14:12:31  [main] 	about running this application with administrator rights!
14:12:31  [main] 	XAMPP Installation Directory: "c:\xampp\"
14:12:31  [main] 	Checking for prerequisites
14:12:33  [main] 	All prerequisites found
14:12:33  [main] 	Initializing Modules
14:12:33  [main] 	Starting Check-Timer
14:12:33  [main] 	Control Panel Ready
14:12:35  [Apache] 	Attempting to start Apache app...
14:12:35  [Apache] 	Status change detected: running
14:12:36  [mysql] 	Attempting to start MySQL app...
14:12:37  [mysql] 	Status change detected: running
14:13:55  [Apache] 	Attempting to stop Apache (PID: 5256)
14:13:55  [Apache] 	Attempting to stop Apache (PID: 2284)
14:13:56  [Apache] 	Status change detected: stopped
14:13:59  [mysql] 	Attempting to stop MySQL app...
14:13:59  [mysql] 	Status change detected: stopped
15:50:51  [main] 	Deinitializing Modules
15:50:51  [main] 	Deinitializing Control Panel

09:17:34  [main] 	Initializing Control Panel
09:17:34  [main] 	Windows Version:  Enterprise  64-bit
09:17:34  [main] 	XAMPP Version: 7.2.27
09:17:34  [main] 	Control Panel Version: 3.2.4  [ Compiled: Jun 5th 2019 ]
09:17:34  [main] 	You are not running with administrator rights! This will work for
09:17:34  [main] 	most application stuff but whenever you do something with services
09:17:34  [main] 	there will be a security dialogue or things will break! So think 
09:17:34  [main] 	about running this application with administrator rights!
09:17:34  [main] 	XAMPP Installation Directory: "c:\xampp\"
09:17:34  [main] 	Checking for prerequisites
09:17:34  [main] 	All prerequisites found
09:17:34  [main] 	Initializing Modules
09:17:34  [main] 	Starting Check-Timer
09:17:34  [main] 	Control Panel Ready
10:42:59  [main] 	Deinitializing Modules
10:42:59  [main] 	Deinitializing Control Panel

20:41:32  [main] 	Initializing Control Panel
20:41:32  [main] 	Windows Version:  Enterprise  64-bit
20:41:32  [main] 	XAMPP Version: 7.2.27
20:41:32  [main] 	Control Panel Version: 3.2.4  [ Compiled: Jun 5th 2019 ]
20:41:32  [main] 	You are not running with administrator rights! This will work for
20:41:32  [main] 	most application stuff but whenever you do something with services
20:41:32  [main] 	there will be a security dialogue or things will break! So think 
20:41:32  [main] 	about running this application with administrator rights!
20:41:32  [main] 	XAMPP Installation Directory: "c:\xampp\"
20:41:32  [main] 	Checking for prerequisites
20:41:33  [main] 	All prerequisites found
20:41:33  [main] 	Initializing Modules
20:41:33  [main] 	Starting Check-Timer
20:41:33  [main] 	Control Panel Ready
20:44:55  [main] 	Deinitializing Modules
20:44:55  [main] 	Deinitializing Control Panel

10:19:14  [main] 	Initializing Control Panel
10:19:14  [main] 	Windows Version:  Enterprise  64-bit
10:19:14  [main] 	XAMPP Version: 7.2.27
10:19:14  [main] 	Control Panel Version: 3.2.4  [ Compiled: Jun 5th 2019 ]
10:19:14  [main] 	You are not running with administrator rights! This will work for
10:19:14  [main] 	most application stuff but whenever you do something with services
10:19:14  [main] 	there will be a security dialogue or things will break! So think 
10:19:14  [main] 	about running this application with administrator rights!
10:19:14  [main] 	XAMPP Installation Directory: "c:\xampp\"
10:19:14  [main] 	Checking for prerequisites
10:19:14  [main] 	All prerequisites found
10:19:14  [main] 	Initializing Modules
10:19:14  [main] 	Starting Check-Timer
10:19:14  [main] 	Control Panel Ready
10:19:20  [Apache] 	Attempting to start Apache app...
10:19:20  [Apache] 	Status change detected: running
10:19:21  [mysql] 	Attempting to start MySQL app...
10:19:22  [mysql] 	Status change detected: running
10:21:40  [Apache] 	Attempting to stop Apache (PID: 3896)
10:21:40  [Apache] 	Attempting to stop Apache (PID: 5236)
10:21:40  [Apache] 	Status change detected: stopped
10:21:41  [mysql] 	Attempting to stop MySQL app...
10:21:41  [mysql] 	Status change detected: stopped
10:30:46  [Apache] 	Status change detected: running
10:30:58  [mysql] 	Status change detected: running
10:31:02  [Apache] 	Status change detected: stopped
10:31:03  [mysql] 	Status change detected: stopped
10:31:18  [Apache] 	Status change detected: running
10:31:19  [mysql] 	Status change detected: running
12:27:08  [main] 	Deinitializing Modules
12:27:08  [main] 	Deinitializing Control Panel

10:30:42  [main] 	Initializing Control Panel
10:30:42  [main] 	Windows Version:  Enterprise  64-bit
10:30:42  [main] 	XAMPP Version: 7.2.27
10:30:42  [main] 	Control Panel Version: 3.2.4  [ Compiled: Jun 5th 2019 ]
10:30:42  [main] 	You are not running with administrator rights! This will work for
10:30:42  [main] 	most application stuff but whenever you do something with services
10:30:42  [main] 	there will be a security dialogue or things will break! So think 
10:30:42  [main] 	about running this application with administrator rights!
10:30:42  [main] 	XAMPP Installation Directory: "c:\xampp\"
10:30:42  [main] 	Checking for prerequisites
10:30:42  [main] 	All prerequisites found
10:30:42  [main] 	Initializing Modules
10:30:42  [main] 	Starting Check-Timer
10:30:42  [main] 	Control Panel Ready
10:30:46  [Apache] 	Status change detected: running
10:30:58  [mysql] 	Status change detected: running
10:31:02  [Apache] 	Status change detected: stopped
10:31:02  [Apache] 	Error: Apache shutdown unexpectedly.
10:31:02  [Apache] 	This may be due to a blocked port, missing dependencies, 
10:31:02  [Apache] 	improper privileges, a crash, or a shutdown by another method.
10:31:02  [Apache] 	Press the Logs button to view error logs and check
10:31:02  [Apache] 	the Windows Event Viewer for more clues
10:31:02  [Apache] 	If you need more help, copy and post this
10:31:02  [Apache] 	entire log window on the forums
10:31:04  [mysql] 	Status change detected: stopped
10:31:04  [mysql] 	Error: MySQL shutdown unexpectedly.
10:31:04  [mysql] 	This may be due to a blocked port, missing dependencies, 
10:31:04  [mysql] 	improper privileges, a crash, or a shutdown by another method.
10:31:04  [mysql] 	Press the Logs button to view error logs and check
10:31:04  [mysql] 	the Windows Event Viewer for more clues
10:31:04  [mysql] 	If you need more help, copy and post this
10:31:04  [mysql] 	entire log window on the forums
10:31:18  [Apache] 	Status change detected: running
10:31:20  [mysql] 	Status change detected: running
12:27:08  [main] 	Deinitializing Modules
12:27:08  [main] 	Deinitializing Control Panel

13:56:35  [main] 	Initializing Control Panel
13:56:35  [main] 	Windows Version:  Enterprise  64-bit
13:56:35  [main] 	XAMPP Version: 7.2.27
13:56:35  [main] 	Control Panel Version: 3.2.4  [ Compiled: Jun 5th 2019 ]
13:56:35  [main] 	You are not running with administrator rights! This will work for
13:56:35  [main] 	most application stuff but whenever you do something with services
13:56:35  [main] 	there will be a security dialogue or things will break! So think 
13:56:35  [main] 	about running this application with administrator rights!
13:56:35  [main] 	XAMPP Installation Directory: "c:\xampp\"
13:56:35  [main] 	Checking for prerequisites
13:56:35  [main] 	All prerequisites found
13:56:35  [main] 	Initializing Modules
13:56:35  [Apache] 	XAMPP Apache is already running on port 80
13:56:35  [Apache] 	XAMPP Apache is already running on port 443
13:56:35  [mysql] 	XAMPP MySQL is already running on port 3306
13:56:35  [main] 	Starting Check-Timer
13:56:35  [main] 	Control Panel Ready
13:57:11  [filezilla] 	Status change detected: running
13:58:32  [main] 	Deinitializing Modules
13:58:32  [main] 	Deinitializing Control Panel

14:03:41  [main] 	Initializing Control Panel
14:03:41  [main] 	Windows Version:  Enterprise  64-bit
14:03:41  [main] 	XAMPP Version: 7.2.27
14:03:41  [main] 	Control Panel Version: 3.2.4  [ Compiled: Jun 5th 2019 ]
14:03:41  [main] 	You are not running with administrator rights! This will work for
14:03:41  [main] 	most application stuff but whenever you do something with services
14:03:41  [main] 	there will be a security dialogue or things will break! So think 
14:03:41  [main] 	about running this application with administrator rights!
14:03:41  [main] 	XAMPP Installation Directory: "c:\xampp\"
14:03:41  [main] 	Checking for prerequisites
14:03:41  [main] 	All prerequisites found
14:03:41  [main] 	Initializing Modules
14:03:41  [Apache] 	XAMPP Apache is already running on port 80
14:03:41  [Apache] 	XAMPP Apache is already running on port 443
14:03:41  [mysql] 	XAMPP MySQL is already running on port 3306
14:03:41  [filezilla] 	XAMPP FileZilla is already running on port 21
14:03:41  [filezilla] 	XAMPP FileZilla is already running on port 14147
14:03:41  [main] 	Starting Check-Timer
14:03:41  [main] 	Control Panel Ready
13:58:32  [main] 	Deinitializing Modules
13:58:32  [main] 	Deinitializing Control Panel

18:49:57  [main] 	Initializing Control Panel
18:49:57  [main] 	Windows Version:  Enterprise  64-bit
18:49:57  [main] 	XAMPP Version: 7.2.27
18:49:57  [main] 	Control Panel Version: 3.2.4  [ Compiled: Jun 5th 2019 ]
18:49:57  [main] 	You are not running with administrator rights! This will work for
18:49:57  [main] 	most application stuff but whenever you do something with services
18:49:57  [main] 	there will be a security dialogue or things will break! So think 
18:49:57  [main] 	about running this application with administrator rights!
18:49:57  [main] 	XAMPP Installation Directory: "c:\xampp\"
18:49:57  [main] 	Checking for prerequisites
18:49:57  [main] 	All prerequisites found
18:49:57  [main] 	Initializing Modules
18:49:57  [main] 	Starting Check-Timer
18:49:57  [main] 	Control Panel Ready
18:50:12  [Apache] 	Status change detected: running
18:50:15  [mysql] 	Status change detected: running
18:50:16  [mysql] 	Status change detected: stopped
18:50:16  [mysql] 	Error: MySQL shutdown unexpectedly.
18:50:16  [mysql] 	This may be due to a blocked port, missing dependencies, 
18:50:16  [mysql] 	improper privileges, a crash, or a shutdown by another method.
18:50:16  [mysql] 	Press the Logs button to view error logs and check
18:50:16  [mysql] 	the Windows Event Viewer for more clues
18:50:16  [mysql] 	If you need more help, copy and post this
18:50:16  [mysql] 	entire log window on the forums
18:51:13  [mysql] 	Status change detected: running
18:51:15  [mysql] 	Status change detected: stopped
18:51:15  [mysql] 	Error: MySQL shutdown unexpectedly.
18:51:15  [mysql] 	This may be due to a blocked port, missing dependencies, 
18:51:15  [mysql] 	improper privileges, a crash, or a shutdown by another method.
18:51:15  [mysql] 	Press the Logs button to view error logs and check
18:51:15  [mysql] 	the Windows Event Viewer for more clues
18:51:15  [mysql] 	If you need more help, copy and post this
18:51:15  [mysql] 	entire log window on the forums
18:51:20  [mysql] 	Status change detected: running
18:51:22  [mysql] 	Status change detected: stopped
18:51:22  [mysql] 	Error: MySQL shutdown unexpectedly.
18:51:22  [mysql] 	This may be due to a blocked port, missing dependencies, 
18:51:22  [mysql] 	improper privileges, a crash, or a shutdown by another method.
18:51:22  [mysql] 	Press the Logs button to view error logs and check
18:51:22  [mysql] 	the Windows Event Viewer for more clues
18:51:22  [mysql] 	If you need more help, copy and post this
18:51:22  [mysql] 	entire log window on the forums
18:52:20  [mysql] 	Status change detected: running
18:52:22  [mysql] 	Status change detected: stopped
18:52:22  [mysql] 	Error: MySQL shutdown unexpectedly.
18:52:22  [mysql] 	This may be due to a blocked port, missing dependencies, 
18:52:22  [mysql] 	improper privileges, a crash, or a shutdown by another method.
18:52:22  [mysql] 	Press the Logs button to view error logs and check
18:52:22  [mysql] 	the Windows Event Viewer for more clues
18:52:22  [mysql] 	If you need more help, copy and post this
18:52:22  [mysql] 	entire log window on the forums
18:58:36  [main] 	Deinitializing Modules
18:58:36  [main] 	Deinitializing Control Panel

19:37:43  [main] 	Initializing Control Panel
19:37:43  [main] 	Windows Version:  Enterprise  64-bit
19:37:43  [main] 	XAMPP Version: 7.2.27
19:37:43  [main] 	Control Panel Version: 3.2.4  [ Compiled: Jun 5th 2019 ]
19:37:43  [main] 	You are not running with administrator rights! This will work for
19:37:43  [main] 	most application stuff but whenever you do something with services
19:37:43  [main] 	there will be a security dialogue or things will break! So think 
19:37:43  [main] 	about running this application with administrator rights!
19:37:43  [main] 	XAMPP Installation Directory: "c:\xampp\"
19:37:43  [main] 	Checking for prerequisites
19:37:44  [main] 	All prerequisites found
19:37:44  [main] 	Initializing Modules
19:37:44  [main] 	Starting Check-Timer
19:37:44  [main] 	Control Panel Ready
19:37:52  [Apache] 	Status change detected: running
19:37:53  [mysql] 	Status change detected: running
19:37:53  [mysql] 	Status change detected: stopped
19:37:53  [mysql] 	Error: MySQL shutdown unexpectedly.
19:37:53  [mysql] 	This may be due to a blocked port, missing dependencies, 
19:37:53  [mysql] 	improper privileges, a crash, or a shutdown by another method.
19:37:53  [mysql] 	Press the Logs button to view error logs and check
19:37:53  [mysql] 	the Windows Event Viewer for more clues
19:37:53  [mysql] 	If you need more help, copy and post this
19:37:53  [mysql] 	entire log window on the forums
19:38:03  [mysql] 	Status change detected: running
19:38:04  [mysql] 	Status change detected: stopped
19:38:04  [mysql] 	Error: MySQL shutdown unexpectedly.
19:38:04  [mysql] 	This may be due to a blocked port, missing dependencies, 
19:38:04  [mysql] 	improper privileges, a crash, or a shutdown by another method.
19:38:04  [mysql] 	Press the Logs button to view error logs and check
19:38:04  [mysql] 	the Windows Event Viewer for more clues
19:38:04  [mysql] 	If you need more help, copy and post this
19:38:04  [mysql] 	entire log window on the forums
19:38:04  [mysql] 	Status change detected: running
19:38:05  [mysql] 	Status change detected: stopped
19:38:05  [mysql] 	Error: MySQL shutdown unexpectedly.
19:38:05  [mysql] 	This may be due to a blocked port, missing dependencies, 
19:38:05  [mysql] 	improper privileges, a crash, or a shutdown by another method.
19:38:05  [mysql] 	Press the Logs button to view error logs and check
19:38:05  [mysql] 	the Windows Event Viewer for more clues
19:38:05  [mysql] 	If you need more help, copy and post this
19:38:05  [mysql] 	entire log window on the forums
19:38:07  [mysql] 	Status change detected: running
19:42:06  [main] 	Deinitializing Modules
19:42:06  [main] 	Deinitializing Control Panel

19:37:43  [main] 	Initializing Control Panel
19:37:43  [main] 	Windows Version:  Enterprise  64-bit
19:37:43  [main] 	XAMPP Version: 7.2.27
19:37:43  [main] 	Control Panel Version: 3.2.4  [ Compiled: Jun 5th 2019 ]
19:37:43  [main] 	You are not running with administrator rights! This will work for
19:37:43  [main] 	most application stuff but whenever you do something with services
19:37:43  [main] 	there will be a security dialogue or things will break! So think 
19:37:43  [main] 	about running this application with administrator rights!
19:37:43  [main] 	XAMPP Installation Directory: "c:\xampp\"
19:37:43  [main] 	Checking for prerequisites
19:37:44  [main] 	All prerequisites found
19:37:44  [main] 	Initializing Modules
19:37:44  [main] 	Starting Check-Timer
19:37:44  [main] 	Control Panel Ready
19:37:51  [Apache] 	Attempting to start Apache app...
19:37:51  [Apache] 	Status change detected: running
19:37:53  [mysql] 	Attempting to start MySQL app...
19:37:53  [mysql] 	Status change detected: running
19:37:53  [mysql] 	Attempting to stop MySQL app...
19:37:53  [mysql] 	Status change detected: stopped
19:38:02  [mysql] 	Attempting to start MySQL app...
19:38:03  [mysql] 	Attempting to start MySQL app...
19:38:03  [mysql] 	Status change detected: running
19:38:04  [mysql] 	Attempting to stop MySQL app...
19:38:04  [mysql] 	Status change detected: stopped
19:38:04  [mysql] 	Attempting to start MySQL app...
19:38:04  [mysql] 	Status change detected: running
19:38:05  [mysql] 	Attempting to stop MySQL app...
19:38:05  [mysql] 	Attempting to stop MySQL app...
19:38:05  [mysql] 	There may be an error, return code: 41796320 - 
19:38:05  [mysql] 	Status change detected: stopped
19:38:07  [mysql] 	Attempting to start MySQL app...
19:38:07  [mysql] 	Status change detected: running
19:42:06  [main] 	Deinitializing Modules
19:42:06  [main] 	Deinitializing Control Panel

13:49:47  [main] 	Initializing Control Panel
13:49:47  [main] 	Windows Version:  Enterprise  64-bit
13:49:47  [main] 	XAMPP Version: 7.2.27
13:49:47  [main] 	Control Panel Version: 3.2.4  [ Compiled: Jun 5th 2019 ]
13:49:47  [main] 	You are not running with administrator rights! This will work for
13:49:47  [main] 	most application stuff but whenever you do something with services
13:49:47  [main] 	there will be a security dialogue or things will break! So think 
13:49:47  [main] 	about running this application with administrator rights!
13:49:47  [main] 	XAMPP Installation Directory: "c:\xampp\"
13:49:47  [main] 	Checking for prerequisites
13:49:48  [main] 	All prerequisites found
13:49:48  [main] 	Initializing Modules
13:49:48  [main] 	Starting Check-Timer
13:49:48  [main] 	Control Panel Ready
13:49:50  [mysql] 	Attempting to start MySQL app...
13:49:51  [mysql] 	Status change detected: running
13:49:52  [mysql] 	Status change detected: stopped
13:49:52  [mysql] 	Error: MySQL shutdown unexpectedly.
13:49:52  [mysql] 	This may be due to a blocked port, missing dependencies, 
13:49:52  [mysql] 	improper privileges, a crash, or a shutdown by another method.
13:49:52  [mysql] 	Press the Logs button to view error logs and check
13:49:52  [mysql] 	the Windows Event Viewer for more clues
13:49:52  [mysql] 	If you need more help, copy and post this
13:49:52  [mysql] 	entire log window on the forums
13:54:00  [mysql] 	Status change detected: running
13:54:02  [mysql] 	Status change detected: stopped
13:54:02  [mysql] 	Error: MySQL shutdown unexpectedly.
13:54:02  [mysql] 	This may be due to a blocked port, missing dependencies, 
13:54:02  [mysql] 	improper privileges, a crash, or a shutdown by another method.
13:54:02  [mysql] 	Press the Logs button to view error logs and check
13:54:02  [mysql] 	the Windows Event Viewer for more clues
13:54:02  [mysql] 	If you need more help, copy and post this
13:54:02  [mysql] 	entire log window on the forums
13:54:05  [mysql] 	Status change detected: running
13:54:07  [mysql] 	Status change detected: stopped
13:54:07  [mysql] 	Error: MySQL shutdown unexpectedly.
13:54:07  [mysql] 	This may be due to a blocked port, missing dependencies, 
13:54:07  [mysql] 	improper privileges, a crash, or a shutdown by another method.
13:54:07  [mysql] 	Press the Logs button to view error logs and check
13:54:07  [mysql] 	the Windows Event Viewer for more clues
13:54:07  [mysql] 	If you need more help, copy and post this
13:54:07  [mysql] 	entire log window on the forums
13:54:10  [mysql] 	Status change detected: running
13:54:15  [mysql] 	Status change detected: stopped
13:54:15  [mysql] 	Error: MySQL shutdown unexpectedly.
13:54:15  [mysql] 	This may be due to a blocked port, missing dependencies, 
13:54:15  [mysql] 	improper privileges, a crash, or a shutdown by another method.
13:54:15  [mysql] 	Press the Logs button to view error logs and check
13:54:15  [mysql] 	the Windows Event Viewer for more clues
13:54:15  [mysql] 	If you need more help, copy and post this
13:54:15  [mysql] 	entire log window on the forums
13:54:17  [mysql] 	Status change detected: running
13:54:19  [mysql] 	Status change detected: stopped
13:54:19  [mysql] 	Error: MySQL shutdown unexpectedly.
13:54:19  [mysql] 	This may be due to a blocked port, missing dependencies, 
13:54:19  [mysql] 	improper privileges, a crash, or a shutdown by another method.
13:54:19  [mysql] 	Press the Logs button to view error logs and check
13:54:19  [mysql] 	the Windows Event Viewer for more clues
13:54:19  [mysql] 	If you need more help, copy and post this
13:54:19  [mysql] 	entire log window on the forums
13:54:32  [mysql] 	Status change detected: running
13:54:34  [mysql] 	Status change detected: stopped
13:54:34  [mysql] 	Error: MySQL shutdown unexpectedly.
13:54:34  [mysql] 	This may be due to a blocked port, missing dependencies, 
13:54:34  [mysql] 	improper privileges, a crash, or a shutdown by another method.
13:54:34  [mysql] 	Press the Logs button to view error logs and check
13:54:34  [mysql] 	the Windows Event Viewer for more clues
13:54:34  [mysql] 	If you need more help, copy and post this
13:54:34  [mysql] 	entire log window on the forums
13:55:41  [main] 	Deinitializing Modules
13:55:41  [main] 	Deinitializing Control Panel

14:48:40  [main] 	Initializing Control Panel
14:48:40  [main] 	Windows Version:  Enterprise  64-bit
14:48:40  [main] 	XAMPP Version: 7.2.27
14:48:40  [main] 	Control Panel Version: 3.2.4  [ Compiled: Jun 5th 2019 ]
14:48:40  [main] 	You are not running with administrator rights! This will work for
14:48:40  [main] 	most application stuff but whenever you do something with services
14:48:40  [main] 	there will be a security dialogue or things will break! So think 
14:48:40  [main] 	about running this application with administrator rights!
14:48:40  [main] 	XAMPP Installation Directory: "c:\xampp\"
14:48:40  [main] 	Checking for prerequisites
14:48:40  [main] 	All prerequisites found
14:48:40  [main] 	Initializing Modules
14:48:40  [Apache] 	XAMPP Apache is already running on port 80
14:48:40  [Apache] 	XAMPP Apache is already running on port 443
14:48:40  [mysql] 	XAMPP MySQL is already running on port 3306
14:48:40  [main] 	Starting Check-Timer
14:48:40  [main] 	Control Panel Ready
14:50:08  [main] 	Deinitializing Modules
14:50:08  [main] 	Deinitializing Control Panel

14:44:38  [main] 	Initializing Control Panel
14:44:38  [main] 	Windows Version:  Enterprise  64-bit
14:44:38  [main] 	XAMPP Version: 7.2.27
14:44:38  [main] 	Control Panel Version: 3.2.4  [ Compiled: Jun 5th 2019 ]
14:44:38  [main] 	You are not running with administrator rights! This will work for
14:44:38  [main] 	most application stuff but whenever you do something with services
14:44:38  [main] 	there will be a security dialogue or things will break! So think 
14:44:38  [main] 	about running this application with administrator rights!
14:44:38  [main] 	XAMPP Installation Directory: "c:\xampp\"
14:44:38  [main] 	Checking for prerequisites
14:44:38  [main] 	All prerequisites found
14:44:38  [main] 	Initializing Modules
14:44:38  [main] 	Starting Check-Timer
14:44:38  [main] 	Control Panel Ready
14:44:40  [Apache] 	Attempting to start Apache app...
14:44:41  [Apache] 	Status change detected: running
14:44:44  [mysql] 	Attempting to start MySQL app...
14:44:44  [mysql] 	Status change detected: running
14:44:45  [mysql] 	Status change detected: stopped
14:44:45  [mysql] 	Error: MySQL shutdown unexpectedly.
14:44:45  [mysql] 	This may be due to a blocked port, missing dependencies, 
14:44:45  [mysql] 	improper privileges, a crash, or a shutdown by another method.
14:44:45  [mysql] 	Press the Logs button to view error logs and check
14:44:45  [mysql] 	the Windows Event Viewer for more clues
14:44:45  [mysql] 	If you need more help, copy and post this
14:44:45  [mysql] 	entire log window on the forums
14:44:58  [mysql] 	Status change detected: running
14:44:59  [mysql] 	Status change detected: stopped
14:44:59  [mysql] 	Error: MySQL shutdown unexpectedly.
14:44:59  [mysql] 	This may be due to a blocked port, missing dependencies, 
14:44:59  [mysql] 	improper privileges, a crash, or a shutdown by another method.
14:44:59  [mysql] 	Press the Logs button to view error logs and check
14:44:59  [mysql] 	the Windows Event Viewer for more clues
14:44:59  [mysql] 	If you need more help, copy and post this
14:44:59  [mysql] 	entire log window on the forums
14:45:13  [mysql] 	Status change detected: running
14:50:08  [main] 	Deinitializing Modules
14:50:08  [main] 	Deinitializing Control Panel

19:18:47  [main] 	Initializing Control Panel
19:18:47  [main] 	Windows Version:  Enterprise  64-bit
19:18:47  [main] 	XAMPP Version: 7.2.27
19:18:47  [main] 	Control Panel Version: 3.2.4  [ Compiled: Jun 5th 2019 ]
19:18:47  [main] 	You are not running with administrator rights! This will work for
19:18:47  [main] 	most application stuff but whenever you do something with services
19:18:47  [main] 	there will be a security dialogue or things will break! So think 
19:18:47  [main] 	about running this application with administrator rights!
19:18:47  [main] 	XAMPP Installation Directory: "c:\xampp\"
19:18:47  [main] 	Checking for prerequisites
19:18:47  [main] 	All prerequisites found
19:18:47  [main] 	Initializing Modules
19:18:47  [Apache] 	XAMPP Apache is already running on port 80
19:18:47  [Apache] 	XAMPP Apache is already running on port 443
19:18:47  [mysql] 	XAMPP MySQL is already running on port 3306
19:18:47  [main] 	Starting Check-Timer
19:18:47  [main] 	Control Panel Ready
19:18:49  [Apache] 	Attempting to stop Apache (PID: 11396)
19:18:49  [Apache] 	Attempting to stop Apache (PID: 9768)
19:18:50  [Apache] 	Status change detected: stopped
19:18:50  [Apache] 	Attempting to start Apache app...
19:18:51  [Apache] 	Status change detected: running
19:18:52  [mysql] 	Attempting to stop MySQL app...
19:18:53  [mysql] 	Status change detected: stopped
19:18:53  [mysql] 	Attempting to start MySQL app...
19:18:53  [mysql] 	Status change detected: running
19:33:47  [main] 	Deinitializing Modules
19:33:47  [main] 	Deinitializing Control Panel

18:05:45  [main] 	Initializing Control Panel
18:05:45  [main] 	Windows Version:  Enterprise  64-bit
18:05:45  [main] 	XAMPP Version: 7.2.27
18:05:45  [main] 	Control Panel Version: 3.2.4  [ Compiled: Jun 5th 2019 ]
18:05:45  [main] 	You are not running with administrator rights! This will work for
18:05:45  [main] 	most application stuff but whenever you do something with services
18:05:45  [main] 	there will be a security dialogue or things will break! So think 
18:05:45  [main] 	about running this application with administrator rights!
18:05:45  [main] 	XAMPP Installation Directory: "c:\xampp\"
18:05:45  [main] 	Checking for prerequisites
18:05:45  [main] 	All prerequisites found
18:05:45  [main] 	Initializing Modules
18:05:45  [Apache] 	XAMPP Apache is already running on port 80
18:05:45  [Apache] 	XAMPP Apache is already running on port 443
18:05:45  [main] 	Starting Check-Timer
18:05:45  [main] 	Control Panel Ready
18:05:51  [mysql] 	Attempting to start MySQL app...
18:05:51  [mysql] 	Status change detected: running
18:06:12  [mysql] 	Status change detected: stopped
18:06:12  [mysql] 	Error: MySQL shutdown unexpectedly.
18:06:12  [mysql] 	This may be due to a blocked port, missing dependencies, 
18:06:12  [mysql] 	improper privileges, a crash, or a shutdown by another method.
18:06:12  [mysql] 	Press the Logs button to view error logs and check
18:06:12  [mysql] 	the Windows Event Viewer for more clues
18:06:12  [mysql] 	If you need more help, copy and post this
18:06:12  [mysql] 	entire log window on the forums
18:16:11  [mysql] 	Attempting to start MySQL app...
18:16:12  [mysql] 	Status change detected: running
18:16:25  [mysql] 	Status change detected: stopped
18:16:25  [mysql] 	Error: MySQL shutdown unexpectedly.
18:16:25  [mysql] 	This may be due to a blocked port, missing dependencies, 
18:16:25  [mysql] 	improper privileges, a crash, or a shutdown by another method.
18:16:25  [mysql] 	Press the Logs button to view error logs and check
18:16:25  [mysql] 	the Windows Event Viewer for more clues
18:16:25  [mysql] 	If you need more help, copy and post this
18:16:25  [mysql] 	entire log window on the forums
18:16:39  [mysql] 	Attempting to start MySQL app...
18:16:39  [mysql] 	Status change detected: running
18:16:40  [mysql] 	Status change detected: stopped
18:16:40  [mysql] 	Error: MySQL shutdown unexpectedly.
18:16:40  [mysql] 	This may be due to a blocked port, missing dependencies, 
18:16:40  [mysql] 	improper privileges, a crash, or a shutdown by another method.
18:16:40  [mysql] 	Press the Logs button to view error logs and check
18:16:40  [mysql] 	the Windows Event Viewer for more clues
18:16:40  [mysql] 	If you need more help, copy and post this
18:16:40  [mysql] 	entire log window on the forums
18:16:43  [mysql] 	Attempting to start MySQL app...
18:16:43  [mysql] 	Status change detected: running
18:16:44  [mysql] 	Status change detected: stopped
18:16:44  [mysql] 	Error: MySQL shutdown unexpectedly.
18:16:44  [mysql] 	This may be due to a blocked port, missing dependencies, 
18:16:44  [mysql] 	improper privileges, a crash, or a shutdown by another method.
18:16:44  [mysql] 	Press the Logs button to view error logs and check
18:16:44  [mysql] 	the Windows Event Viewer for more clues
18:16:44  [mysql] 	If you need more help, copy and post this
18:16:44  [mysql] 	entire log window on the forums
18:16:44  [mysql] 	Attempting to start MySQL app...
18:16:44  [mysql] 	Status change detected: running
18:16:46  [mysql] 	Status change detected: stopped
18:16:46  [mysql] 	Error: MySQL shutdown unexpectedly.
18:16:46  [mysql] 	This may be due to a blocked port, missing dependencies, 
18:16:46  [mysql] 	improper privileges, a crash, or a shutdown by another method.
18:16:46  [mysql] 	Press the Logs button to view error logs and check
18:16:46  [mysql] 	the Windows Event Viewer for more clues
18:16:46  [mysql] 	If you need more help, copy and post this
18:16:46  [mysql] 	entire log window on the forums
18:17:36  [mysql] 	Status change detected: running
18:17:38  [mysql] 	Status change detected: stopped
18:17:38  [mysql] 	Error: MySQL shutdown unexpectedly.
18:17:38  [mysql] 	This may be due to a blocked port, missing dependencies, 
18:17:38  [mysql] 	improper privileges, a crash, or a shutdown by another method.
18:17:38  [mysql] 	Press the Logs button to view error logs and check
18:17:38  [mysql] 	the Windows Event Viewer for more clues
18:17:38  [mysql] 	If you need more help, copy and post this
18:17:38  [mysql] 	entire log window on the forums
18:17:41  [mysql] 	Status change detected: running
18:17:43  [mysql] 	Status change detected: stopped
18:17:43  [mysql] 	Error: MySQL shutdown unexpectedly.
18:17:43  [mysql] 	This may be due to a blocked port, missing dependencies, 
18:17:43  [mysql] 	improper privileges, a crash, or a shutdown by another method.
18:17:43  [mysql] 	Press the Logs button to view error logs and check
18:17:43  [mysql] 	the Windows Event Viewer for more clues
18:17:43  [mysql] 	If you need more help, copy and post this
18:17:43  [mysql] 	entire log window on the forums
18:17:59  [mysql] 	Status change detected: running
18:18:01  [mysql] 	Status change detected: stopped
18:18:01  [mysql] 	Error: MySQL shutdown unexpectedly.
18:18:01  [mysql] 	This may be due to a blocked port, missing dependencies, 
18:18:01  [mysql] 	improper privileges, a crash, or a shutdown by another method.
18:18:01  [mysql] 	Press the Logs button to view error logs and check
18:18:01  [mysql] 	the Windows Event Viewer for more clues
18:18:01  [mysql] 	If you need more help, copy and post this
18:18:01  [mysql] 	entire log window on the forums
18:18:05  [mysql] 	Status change detected: running
18:18:07  [mysql] 	Status change detected: stopped
18:18:07  [mysql] 	Error: MySQL shutdown unexpectedly.
18:18:07  [mysql] 	This may be due to a blocked port, missing dependencies, 
18:18:07  [mysql] 	improper privileges, a crash, or a shutdown by another method.
18:18:07  [mysql] 	Press the Logs button to view error logs and check
18:18:07  [mysql] 	the Windows Event Viewer for more clues
18:18:07  [mysql] 	If you need more help, copy and post this
18:18:07  [mysql] 	entire log window on the forums
18:30:26  [mysql] 	Status change detected: running
18:33:24  [mysql] 	Status change detected: stopped
18:33:24  [mysql] 	Error: MySQL shutdown unexpectedly.
18:33:24  [mysql] 	This may be due to a blocked port, missing dependencies, 
18:33:24  [mysql] 	improper privileges, a crash, or a shutdown by another method.
18:33:24  [mysql] 	Press the Logs button to view error logs and check
18:33:24  [mysql] 	the Windows Event Viewer for more clues
18:33:24  [mysql] 	If you need more help, copy and post this
18:33:24  [mysql] 	entire log window on the forums
18:36:50  [mysql] 	Status change detected: running
18:36:50  [mysql] 	Status change detected: stopped
18:36:50  [mysql] 	Error: MySQL shutdown unexpectedly.
18:36:50  [mysql] 	This may be due to a blocked port, missing dependencies, 
18:36:50  [mysql] 	improper privileges, a crash, or a shutdown by another method.
18:36:50  [mysql] 	Press the Logs button to view error logs and check
18:36:50  [mysql] 	the Windows Event Viewer for more clues
18:36:50  [mysql] 	If you need more help, copy and post this
18:36:50  [mysql] 	entire log window on the forums
18:36:51  [mysql] 	Status change detected: running
18:36:52  [mysql] 	Status change detected: stopped
18:36:52  [mysql] 	Error: MySQL shutdown unexpectedly.
18:36:52  [mysql] 	This may be due to a blocked port, missing dependencies, 
18:36:52  [mysql] 	improper privileges, a crash, or a shutdown by another method.
18:36:52  [mysql] 	Press the Logs button to view error logs and check
18:36:52  [mysql] 	the Windows Event Viewer for more clues
18:36:52  [mysql] 	If you need more help, copy and post this
18:36:52  [mysql] 	entire log window on the forums
18:36:55  [mysql] 	Status change detected: running
18:36:56  [mysql] 	Status change detected: stopped
18:36:56  [mysql] 	Error: MySQL shutdown unexpectedly.
18:36:56  [mysql] 	This may be due to a blocked port, missing dependencies, 
18:36:56  [mysql] 	improper privileges, a crash, or a shutdown by another method.
18:36:56  [mysql] 	Press the Logs button to view error logs and check
18:36:56  [mysql] 	the Windows Event Viewer for more clues
18:36:56  [mysql] 	If you need more help, copy and post this
18:36:56  [mysql] 	entire log window on the forums
18:36:58  [mysql] 	Status change detected: running
18:45:00  [Apache] 	Status change detected: stopped
18:45:00  [Apache] 	Error: Apache shutdown unexpectedly.
18:45:00  [Apache] 	This may be due to a blocked port, missing dependencies, 
18:45:00  [Apache] 	improper privileges, a crash, or a shutdown by another method.
18:45:00  [Apache] 	Press the Logs button to view error logs and check
18:45:00  [Apache] 	the Windows Event Viewer for more clues
18:45:00  [Apache] 	If you need more help, copy and post this
18:45:00  [Apache] 	entire log window on the forums
18:45:04  [Apache] 	Status change detected: running
18:45:07  [mysql] 	Status change detected: stopped
18:45:07  [mysql] 	Error: MySQL shutdown unexpectedly.
18:45:07  [mysql] 	This may be due to a blocked port, missing dependencies, 
18:45:07  [mysql] 	improper privileges, a crash, or a shutdown by another method.
18:45:07  [mysql] 	Press the Logs button to view error logs and check
18:45:07  [mysql] 	the Windows Event Viewer for more clues
18:45:07  [mysql] 	If you need more help, copy and post this
18:45:07  [mysql] 	entire log window on the forums
18:45:07  [mysql] 	Status change detected: running
19:18:49  [Apache] 	Status change detected: stopped
19:18:49  [Apache] 	Error: Apache shutdown unexpectedly.
19:18:49  [Apache] 	This may be due to a blocked port, missing dependencies, 
19:18:49  [Apache] 	improper privileges, a crash, or a shutdown by another method.
19:18:49  [Apache] 	Press the Logs button to view error logs and check
19:18:49  [Apache] 	the Windows Event Viewer for more clues
19:18:49  [Apache] 	If you need more help, copy and post this
19:18:49  [Apache] 	entire log window on the forums
19:18:51  [Apache] 	Status change detected: running
19:18:52  [mysql] 	Status change detected: stopped
19:18:52  [mysql] 	Error: MySQL shutdown unexpectedly.
19:18:52  [mysql] 	This may be due to a blocked port, missing dependencies, 
19:18:53  [mysql] 	improper privileges, a crash, or a shutdown by another method.
19:18:53  [mysql] 	Press the Logs button to view error logs and check
19:18:53  [mysql] 	the Windows Event Viewer for more clues
19:18:53  [mysql] 	If you need more help, copy and post this
19:18:53  [mysql] 	entire log window on the forums
19:18:53  [mysql] 	Status change detected: running
19:33:47  [main] 	Deinitializing Modules
19:33:47  [main] 	Deinitializing Control Panel

18:17:16  [main] 	Initializing Control Panel
18:17:16  [main] 	Windows Version:  Enterprise  64-bit
18:17:16  [main] 	XAMPP Version: 7.2.27
18:17:16  [main] 	Control Panel Version: 3.2.4  [ Compiled: Jun 5th 2019 ]
18:17:16  [main] 	You are not running with administrator rights! This will work for
18:17:16  [main] 	most application stuff but whenever you do something with services
18:17:16  [main] 	there will be a security dialogue or things will break! So think 
18:17:16  [main] 	about running this application with administrator rights!
18:17:16  [main] 	XAMPP Installation Directory: "c:\xampp\"
18:17:16  [main] 	Checking for prerequisites
18:17:16  [main] 	All prerequisites found
18:17:16  [main] 	Initializing Modules
18:17:16  [Apache] 	XAMPP Apache is already running on port 80
18:17:16  [Apache] 	XAMPP Apache is already running on port 443
18:17:16  [main] 	Starting Check-Timer
18:17:16  [main] 	Control Panel Ready
18:17:36  [mysql] 	Attempting to start MySQL app...
18:17:36  [mysql] 	Status change detected: running
18:17:38  [mysql] 	Status change detected: stopped
18:17:38  [mysql] 	Error: MySQL shutdown unexpectedly.
18:17:38  [mysql] 	This may be due to a blocked port, missing dependencies, 
18:17:38  [mysql] 	improper privileges, a crash, or a shutdown by another method.
18:17:38  [mysql] 	Press the Logs button to view error logs and check
18:17:38  [mysql] 	the Windows Event Viewer for more clues
18:17:38  [mysql] 	If you need more help, copy and post this
18:17:38  [mysql] 	entire log window on the forums
18:17:41  [mysql] 	Attempting to start MySQL app...
18:17:41  [mysql] 	Status change detected: running
18:17:43  [mysql] 	Status change detected: stopped
18:17:43  [mysql] 	Error: MySQL shutdown unexpectedly.
18:17:43  [mysql] 	This may be due to a blocked port, missing dependencies, 
18:17:43  [mysql] 	improper privileges, a crash, or a shutdown by another method.
18:17:43  [mysql] 	Press the Logs button to view error logs and check
18:17:43  [mysql] 	the Windows Event Viewer for more clues
18:17:43  [mysql] 	If you need more help, copy and post this
18:17:43  [mysql] 	entire log window on the forums
18:17:59  [mysql] 	Status change detected: running
18:18:01  [mysql] 	Status change detected: stopped
18:18:01  [mysql] 	Error: MySQL shutdown unexpectedly.
18:18:01  [mysql] 	This may be due to a blocked port, missing dependencies, 
18:18:01  [mysql] 	improper privileges, a crash, or a shutdown by another method.
18:18:01  [mysql] 	Press the Logs button to view error logs and check
18:18:01  [mysql] 	the Windows Event Viewer for more clues
18:18:01  [mysql] 	If you need more help, copy and post this
18:18:01  [mysql] 	entire log window on the forums
18:18:05  [mysql] 	Status change detected: running
18:18:07  [mysql] 	Status change detected: stopped
18:18:07  [mysql] 	Error: MySQL shutdown unexpectedly.
18:18:07  [mysql] 	This may be due to a blocked port, missing dependencies, 
18:18:07  [mysql] 	improper privileges, a crash, or a shutdown by another method.
18:18:07  [mysql] 	Press the Logs button to view error logs and check
18:18:07  [mysql] 	the Windows Event Viewer for more clues
18:18:07  [mysql] 	If you need more help, copy and post this
18:18:07  [mysql] 	entire log window on the forums
18:30:26  [mysql] 	Status change detected: running
18:33:24  [mysql] 	Status change detected: stopped
18:33:24  [mysql] 	Error: MySQL shutdown unexpectedly.
18:33:24  [mysql] 	This may be due to a blocked port, missing dependencies, 
18:33:24  [mysql] 	improper privileges, a crash, or a shutdown by another method.
18:33:24  [mysql] 	Press the Logs button to view error logs and check
18:33:24  [mysql] 	the Windows Event Viewer for more clues
18:33:24  [mysql] 	If you need more help, copy and post this
18:33:24  [mysql] 	entire log window on the forums
18:36:50  [mysql] 	Status change detected: running
18:36:50  [mysql] 	Status change detected: stopped
18:36:50  [mysql] 	Error: MySQL shutdown unexpectedly.
18:36:50  [mysql] 	This may be due to a blocked port, missing dependencies, 
18:36:50  [mysql] 	improper privileges, a crash, or a shutdown by another method.
18:36:50  [mysql] 	Press the Logs button to view error logs and check
18:36:50  [mysql] 	the Windows Event Viewer for more clues
18:36:50  [mysql] 	If you need more help, copy and post this
18:36:50  [mysql] 	entire log window on the forums
18:36:51  [mysql] 	Status change detected: running
18:36:52  [mysql] 	Status change detected: stopped
18:36:52  [mysql] 	Error: MySQL shutdown unexpectedly.
18:36:52  [mysql] 	This may be due to a blocked port, missing dependencies, 
18:36:52  [mysql] 	improper privileges, a crash, or a shutdown by another method.
18:36:52  [mysql] 	Press the Logs button to view error logs and check
18:36:52  [mysql] 	the Windows Event Viewer for more clues
18:36:52  [mysql] 	If you need more help, copy and post this
18:36:52  [mysql] 	entire log window on the forums
18:36:55  [mysql] 	Status change detected: running
18:36:56  [mysql] 	Status change detected: stopped
18:36:56  [mysql] 	Error: MySQL shutdown unexpectedly.
18:36:56  [mysql] 	This may be due to a blocked port, missing dependencies, 
18:36:56  [mysql] 	improper privileges, a crash, or a shutdown by another method.
18:36:56  [mysql] 	Press the Logs button to view error logs and check
18:36:56  [mysql] 	the Windows Event Viewer for more clues
18:36:56  [mysql] 	If you need more help, copy and post this
18:36:56  [mysql] 	entire log window on the forums
18:36:58  [mysql] 	Status change detected: running
18:45:00  [Apache] 	Status change detected: stopped
18:45:00  [Apache] 	Error: Apache shutdown unexpectedly.
18:45:00  [Apache] 	This may be due to a blocked port, missing dependencies, 
18:45:00  [Apache] 	improper privileges, a crash, or a shutdown by another method.
18:45:00  [Apache] 	Press the Logs button to view error logs and check
18:45:00  [Apache] 	the Windows Event Viewer for more clues
18:45:00  [Apache] 	If you need more help, copy and post this
18:45:00  [Apache] 	entire log window on the forums
18:45:04  [Apache] 	Status change detected: running
18:45:07  [mysql] 	Status change detected: stopped
18:45:07  [mysql] 	Error: MySQL shutdown unexpectedly.
18:45:07  [mysql] 	This may be due to a blocked port, missing dependencies, 
18:45:07  [mysql] 	improper privileges, a crash, or a shutdown by another method.
18:45:07  [mysql] 	Press the Logs button to view error logs and check
18:45:07  [mysql] 	the Windows Event Viewer for more clues
18:45:07  [mysql] 	If you need more help, copy and post this
18:45:07  [mysql] 	entire log window on the forums
18:45:07  [mysql] 	Status change detected: running
19:18:49  [Apache] 	Status change detected: stopped
19:18:49  [Apache] 	Error: Apache shutdown unexpectedly.
19:18:49  [Apache] 	This may be due to a blocked port, missing dependencies, 
19:18:49  [Apache] 	improper privileges, a crash, or a shutdown by another method.
19:18:49  [Apache] 	Press the Logs button to view error logs and check
19:18:49  [Apache] 	the Windows Event Viewer for more clues
19:18:49  [Apache] 	If you need more help, copy and post this
19:18:49  [Apache] 	entire log window on the forums
19:18:51  [Apache] 	Status change detected: running
19:18:52  [mysql] 	Status change detected: stopped
19:18:52  [mysql] 	Error: MySQL shutdown unexpectedly.
19:18:52  [mysql] 	This may be due to a blocked port, missing dependencies, 
19:18:52  [mysql] 	improper privileges, a crash, or a shutdown by another method.
19:18:53  [mysql] 	Press the Logs button to view error logs and check
19:18:53  [mysql] 	the Windows Event Viewer for more clues
19:18:53  [mysql] 	If you need more help, copy and post this
19:18:53  [mysql] 	entire log window on the forums
19:18:53  [mysql] 	Status change detected: running
19:33:47  [main] 	Deinitializing Modules
19:33:47  [main] 	Deinitializing Control Panel

17:09:26  [main] 	Initializing Control Panel
17:09:26  [main] 	Windows Version:  Enterprise  64-bit
17:09:26  [main] 	XAMPP Version: 7.2.27
17:09:26  [main] 	Control Panel Version: 3.2.4  [ Compiled: Jun 5th 2019 ]
17:09:26  [main] 	You are not running with administrator rights! This will work for
17:09:26  [main] 	most application stuff but whenever you do something with services
17:09:26  [main] 	there will be a security dialogue or things will break! So think 
17:09:26  [main] 	about running this application with administrator rights!
17:09:26  [main] 	XAMPP Installation Directory: "c:\xampp\"
17:09:26  [main] 	Checking for prerequisites
17:09:27  [main] 	All prerequisites found
17:09:27  [main] 	Initializing Modules
17:09:27  [main] 	Starting Check-Timer
17:09:27  [main] 	Control Panel Ready
17:09:30  [Apache] 	Attempting to start Apache app...
17:09:30  [Apache] 	Status change detected: running
17:09:31  [mysql] 	Attempting to start MySQL app...
17:09:31  [mysql] 	Status change detected: running
17:09:37  [mysql] 	Status change detected: stopped
17:09:37  [mysql] 	Error: MySQL shutdown unexpectedly.
17:09:37  [mysql] 	This may be due to a blocked port, missing dependencies, 
17:09:37  [mysql] 	improper privileges, a crash, or a shutdown by another method.
17:09:37  [mysql] 	Press the Logs button to view error logs and check
17:09:37  [mysql] 	the Windows Event Viewer for more clues
17:09:37  [mysql] 	If you need more help, copy and post this
17:09:37  [mysql] 	entire log window on the forums
17:11:04  [mysql] 	Attempting to start MySQL app...
17:11:05  [mysql] 	Status change detected: running
17:14:06  [Apache] 	Attempting to stop Apache (PID: 9304)
17:14:06  [Apache] 	Attempting to stop Apache (PID: 4152)
17:14:06  [Apache] 	Status change detected: stopped
17:14:07  [mysql] 	Attempting to stop MySQL app...
17:14:07  [mysql] 	Status change detected: stopped
17:14:19  [main] 	Deinitializing Modules
17:14:19  [main] 	Deinitializing Control Panel

15:39:20  [main] 	Initializing Control Panel
15:39:20  [main] 	Windows Version:  Enterprise  64-bit
15:39:20  [main] 	XAMPP Version: 7.2.27
15:39:20  [main] 	Control Panel Version: 3.2.4  [ Compiled: Jun 5th 2019 ]
15:39:20  [main] 	You are not running with administrator rights! This will work for
15:39:20  [main] 	most application stuff but whenever you do something with services
15:39:20  [main] 	there will be a security dialogue or things will break! So think 
15:39:20  [main] 	about running this application with administrator rights!
15:39:20  [main] 	XAMPP Installation Directory: "c:\xampp\"
15:39:20  [main] 	Checking for prerequisites
15:39:23  [main] 	All prerequisites found
15:39:23  [main] 	Initializing Modules
15:39:23  [main] 	Starting Check-Timer
15:39:23  [main] 	Control Panel Ready
15:39:38  [Apache] 	Status change detected: running
15:39:40  [mysql] 	Status change detected: running
15:48:19  [main] 	Deinitializing Modules
15:48:19  [main] 	Deinitializing Control Panel

15:39:23  [main] 	Initializing Control Panel
15:39:23  [main] 	Windows Version:  Enterprise  64-bit
15:39:23  [main] 	XAMPP Version: 7.2.27
15:39:23  [main] 	Control Panel Version: 3.2.4  [ Compiled: Jun 5th 2019 ]
15:39:23  [main] 	You are not running with administrator rights! This will work for
15:39:23  [main] 	most application stuff but whenever you do something with services
15:39:23  [main] 	there will be a security dialogue or things will break! So think 
15:39:23  [main] 	about running this application with administrator rights!
15:39:23  [main] 	XAMPP Installation Directory: "c:\xampp\"
15:39:23  [main] 	Checking for prerequisites
15:39:23  [main] 	All prerequisites found
15:39:23  [main] 	Initializing Modules
15:39:23  [main] 	Starting Check-Timer
15:39:23  [main] 	Control Panel Ready
15:39:38  [Apache] 	Status change detected: running
15:39:40  [mysql] 	Status change detected: running
15:48:19  [main] 	Deinitializing Modules
15:48:19  [main] 	Deinitializing Control Panel

15:39:21  [main] 	Initializing Control Panel
15:39:21  [main] 	Windows Version:  Enterprise  64-bit
15:39:21  [main] 	XAMPP Version: 7.2.27
15:39:21  [main] 	Control Panel Version: 3.2.4  [ Compiled: Jun 5th 2019 ]
15:39:21  [main] 	You are not running with administrator rights! This will work for
15:39:21  [main] 	most application stuff but whenever you do something with services
15:39:21  [main] 	there will be a security dialogue or things will break! So think 
15:39:21  [main] 	about running this application with administrator rights!
15:39:21  [main] 	XAMPP Installation Directory: "c:\xampp\"
15:39:21  [main] 	Checking for prerequisites
15:39:23  [main] 	All prerequisites found
15:39:23  [main] 	Initializing Modules
15:39:23  [main] 	Starting Check-Timer
15:39:23  [main] 	Control Panel Ready
15:39:37  [Apache] 	Attempting to start Apache app...
15:39:38  [Apache] 	Status change detected: running
15:39:40  [mysql] 	Attempting to start MySQL app...
15:39:40  [mysql] 	Status change detected: running
15:48:19  [main] 	Deinitializing Modules
15:48:19  [main] 	Deinitializing Control Panel

09:19:54  [main] 	Initializing Control Panel
09:19:54  [main] 	Windows Version:  Enterprise  64-bit
09:19:54  [main] 	XAMPP Version: 7.2.27
09:19:54  [main] 	Control Panel Version: 3.2.4  [ Compiled: Jun 5th 2019 ]
09:19:54  [main] 	You are not running with administrator rights! This will work for
09:19:54  [main] 	most application stuff but whenever you do something with services
09:19:54  [main] 	there will be a security dialogue or things will break! So think 
09:19:54  [main] 	about running this application with administrator rights!
09:19:54  [main] 	XAMPP Installation Directory: "c:\xampp\"
09:19:54  [main] 	Checking for prerequisites
09:19:56  [main] 	All prerequisites found
09:19:56  [main] 	Initializing Modules
09:19:56  [main] 	Starting Check-Timer
09:19:56  [main] 	Control Panel Ready
09:50:58  [main] 	Deinitializing Modules
09:50:58  [main] 	Deinitializing Control Panel

09:10:45  [main] 	Initializing Control Panel
09:10:45  [main] 	Windows Version:  Enterprise  64-bit
09:10:45  [main] 	XAMPP Version: 7.2.27
09:10:45  [main] 	Control Panel Version: 3.2.4  [ Compiled: Jun 5th 2019 ]
09:10:45  [main] 	You are not running with administrator rights! This will work for
09:10:45  [main] 	most application stuff but whenever you do something with services
09:10:45  [main] 	there will be a security dialogue or things will break! So think 
09:10:45  [main] 	about running this application with administrator rights!
09:10:45  [main] 	XAMPP Installation Directory: "c:\xampp\"
09:10:45  [main] 	Checking for prerequisites
09:10:46  [main] 	All prerequisites found
09:10:46  [main] 	Initializing Modules
09:10:46  [main] 	Starting Check-Timer
09:10:46  [main] 	Control Panel Ready
09:23:37  [main] 	Deinitializing Modules
09:23:37  [main] 	Deinitializing Control Panel

16:51:43  [main] 	Initializing Control Panel
16:51:43  [main] 	Windows Version:  Enterprise  64-bit
16:51:43  [main] 	XAMPP Version: 7.2.27
16:51:43  [main] 	Control Panel Version: 3.2.4  [ Compiled: Jun 5th 2019 ]
16:51:43  [main] 	You are not running with administrator rights! This will work for
16:51:43  [main] 	most application stuff but whenever you do something with services
16:51:43  [main] 	there will be a security dialogue or things will break! So think 
16:51:43  [main] 	about running this application with administrator rights!
16:51:43  [main] 	XAMPP Installation Directory: "c:\xampp\"
16:51:43  [main] 	Checking for prerequisites
16:51:46  [main] 	All prerequisites found
16:51:46  [main] 	Initializing Modules
16:51:46  [main] 	Starting Check-Timer
16:51:46  [main] 	Control Panel Ready
20:53:21  [main] 	Deinitializing Modules
20:53:21  [main] 	Deinitializing Control Panel

11:30:39  [main] 	Initializing Control Panel
11:30:39  [main] 	Windows Version:  Enterprise  64-bit
11:30:39  [main] 	XAMPP Version: 7.2.27
11:30:39  [main] 	Control Panel Version: 3.2.4  [ Compiled: Jun 5th 2019 ]
11:30:39  [main] 	You are not running with administrator rights! This will work for
11:30:39  [main] 	most application stuff but whenever you do something with services
11:30:39  [main] 	there will be a security dialogue or things will break! So think 
11:30:39  [main] 	about running this application with administrator rights!
11:30:39  [main] 	XAMPP Installation Directory: "c:\xampp\"
11:30:39  [main] 	Checking for prerequisites
11:30:41  [main] 	All prerequisites found
11:30:41  [main] 	Initializing Modules
11:30:41  [main] 	Starting Check-Timer
11:30:41  [main] 	Control Panel Ready
13:01:35  [main] 	Deinitializing Modules
13:01:35  [main] 	Deinitializing Control Panel

11:30:39  [main] 	Initializing Control Panel
11:30:39  [main] 	Windows Version:  Enterprise  64-bit
11:30:39  [main] 	XAMPP Version: 7.2.27
11:30:39  [main] 	Control Panel Version: 3.2.4  [ Compiled: Jun 5th 2019 ]
11:30:39  [main] 	You are not running with administrator rights! This will work for
11:30:39  [main] 	most application stuff but whenever you do something with services
11:30:39  [main] 	there will be a security dialogue or things will break! So think 
11:30:39  [main] 	about running this application with administrator rights!
11:30:39  [main] 	XAMPP Installation Directory: "c:\xampp\"
11:30:39  [main] 	Checking for prerequisites
11:30:41  [main] 	All prerequisites found
11:30:41  [main] 	Initializing Modules
11:30:41  [main] 	Starting Check-Timer
11:30:41  [main] 	Control Panel Ready
13:01:35  [main] 	Deinitializing Modules
13:01:35  [main] 	Deinitializing Control Panel

18:35:40  [main] 	Initializing Control Panel
18:35:40  [main] 	Windows Version:  Enterprise  64-bit
18:35:40  [main] 	XAMPP Version: 7.2.27
18:35:40  [main] 	Control Panel Version: 3.2.4  [ Compiled: Jun 5th 2019 ]
18:35:40  [main] 	You are not running with administrator rights! This will work for
18:35:40  [main] 	most application stuff but whenever you do something with services
18:35:40  [main] 	there will be a security dialogue or things will break! So think 
18:35:40  [main] 	about running this application with administrator rights!
18:35:40  [main] 	XAMPP Installation Directory: "c:\xampp\"
18:35:40  [main] 	Checking for prerequisites
18:35:42  [main] 	All prerequisites found
18:35:42  [main] 	Initializing Modules
18:35:42  [main] 	Starting Check-Timer
18:35:42  [main] 	Control Panel Ready
20:18:34  [main] 	Deinitializing Modules
20:18:34  [main] 	Deinitializing Control Panel

19:49:04  [main] 	Initializing Control Panel
19:49:04  [main] 	Windows Version:  Enterprise  64-bit
19:49:04  [main] 	XAMPP Version: 7.2.27
19:49:04  [main] 	Control Panel Version: 3.2.4  [ Compiled: Jun 5th 2019 ]
19:49:04  [main] 	You are not running with administrator rights! This will work for
19:49:04  [main] 	most application stuff but whenever you do something with services
19:49:04  [main] 	there will be a security dialogue or things will break! So think 
19:49:04  [main] 	about running this application with administrator rights!
19:49:04  [main] 	XAMPP Installation Directory: "c:\xampp\"
19:49:04  [main] 	Checking for prerequisites
19:49:06  [main] 	All prerequisites found
19:49:06  [main] 	Initializing Modules
19:49:06  [main] 	Starting Check-Timer
19:49:06  [main] 	Control Panel Ready
20:58:21  [main] 	Deinitializing Modules
20:58:21  [main] 	Deinitializing Control Panel

16:30:41  [main] 	Initializing Control Panel
16:30:41  [main] 	Windows Version:  Enterprise  64-bit
16:30:41  [main] 	XAMPP Version: 7.2.27
16:30:41  [main] 	Control Panel Version: 3.2.4  [ Compiled: Jun 5th 2019 ]
16:30:41  [main] 	You are not running with administrator rights! This will work for
16:30:41  [main] 	most application stuff but whenever you do something with services
16:30:41  [main] 	there will be a security dialogue or things will break! So think 
16:30:41  [main] 	about running this application with administrator rights!
16:30:41  [main] 	XAMPP Installation Directory: "c:\xampp\"
16:30:41  [main] 	Checking for prerequisites
16:30:45  [main] 	All prerequisites found
16:30:45  [main] 	Initializing Modules
16:30:45  [main] 	Starting Check-Timer
16:30:45  [main] 	Control Panel Ready
17:26:53  [main] 	Deinitializing Modules
17:26:53  [main] 	Deinitializing Control Panel

08:52:29  [main] 	Initializing Control Panel
08:52:29  [main] 	Windows Version:  Enterprise  64-bit
08:52:29  [main] 	XAMPP Version: 7.2.27
08:52:29  [main] 	Control Panel Version: 3.2.4  [ Compiled: Jun 5th 2019 ]
08:52:29  [main] 	You are not running with administrator rights! This will work for
08:52:29  [main] 	most application stuff but whenever you do something with services
08:52:29  [main] 	there will be a security dialogue or things will break! So think 
08:52:29  [main] 	about running this application with administrator rights!
08:52:29  [main] 	XAMPP Installation Directory: "c:\xampp\"
08:52:29  [main] 	Checking for prerequisites
08:52:31  [main] 	All prerequisites found
08:52:31  [main] 	Initializing Modules
08:52:31  [main] 	Starting Check-Timer
08:52:31  [main] 	Control Panel Ready
09:48:07  [main] 	Deinitializing Modules
09:48:07  [main] 	Deinitializing Control Panel

08:52:29  [main] 	Initializing Control Panel
08:52:29  [main] 	Windows Version:  Enterprise  64-bit
08:52:29  [main] 	XAMPP Version: 7.2.27
08:52:29  [main] 	Control Panel Version: 3.2.4  [ Compiled: Jun 5th 2019 ]
08:52:29  [main] 	You are not running with administrator rights! This will work for
08:52:29  [main] 	most application stuff but whenever you do something with services
08:52:29  [main] 	there will be a security dialogue or things will break! So think 
08:52:29  [main] 	about running this application with administrator rights!
08:52:29  [main] 	XAMPP Installation Directory: "c:\xampp\"
08:52:29  [main] 	Checking for prerequisites
08:52:31  [main] 	All prerequisites found
08:52:31  [main] 	Initializing Modules
08:52:31  [main] 	Starting Check-Timer
08:52:31  [main] 	Control Panel Ready
09:48:07  [main] 	Deinitializing Modules
09:48:07  [main] 	Deinitializing Control Panel

11:53:17  [main] 	Initializing Control Panel
11:53:17  [main] 	Windows Version:  Enterprise  64-bit
11:53:17  [main] 	XAMPP Version: 7.2.27
11:53:17  [main] 	Control Panel Version: 3.2.4  [ Compiled: Jun 5th 2019 ]
11:53:17  [main] 	You are not running with administrator rights! This will work for
11:53:17  [main] 	most application stuff but whenever you do something with services
11:53:17  [main] 	there will be a security dialogue or things will break! So think 
11:53:17  [main] 	about running this application with administrator rights!
11:53:17  [main] 	XAMPP Installation Directory: "c:\xampp\"
11:53:17  [main] 	Checking for prerequisites
11:53:22  [main] 	All prerequisites found
11:53:22  [main] 	Initializing Modules
11:53:22  [main] 	Starting Check-Timer
11:53:22  [main] 	Control Panel Ready
12:17:01  [main] 	Deinitializing Modules
12:17:01  [main] 	Deinitializing Control Panel

10:06:26  [main] 	Initializing Control Panel
10:06:26  [main] 	Windows Version:  Enterprise  64-bit
10:06:26  [main] 	XAMPP Version: 7.2.27
10:06:27  [main] 	Control Panel Version: 3.2.4  [ Compiled: Jun 5th 2019 ]
10:06:27  [main] 	You are not running with administrator rights! This will work for
10:06:27  [main] 	most application stuff but whenever you do something with services
10:06:27  [main] 	there will be a security dialogue or things will break! So think 
10:06:27  [main] 	about running this application with administrator rights!
10:06:27  [main] 	XAMPP Installation Directory: "c:\xampp\"
10:06:27  [main] 	Checking for prerequisites
10:06:29  [main] 	All prerequisites found
10:06:29  [main] 	Initializing Modules
10:06:29  [main] 	Starting Check-Timer
10:06:29  [main] 	Control Panel Ready
12:37:20  [main] 	Deinitializing Modules
12:37:20  [main] 	Deinitializing Control Panel

12:10:31  [main] 	Initializing Control Panel
12:10:31  [main] 	Windows Version:  Enterprise  64-bit
12:10:31  [main] 	XAMPP Version: 7.2.27
12:10:31  [main] 	Control Panel Version: 3.2.4  [ Compiled: Jun 5th 2019 ]
12:10:31  [main] 	You are not running with administrator rights! This will work for
12:10:31  [main] 	most application stuff but whenever you do something with services
12:10:31  [main] 	there will be a security dialogue or things will break! So think 
12:10:31  [main] 	about running this application with administrator rights!
12:10:31  [main] 	XAMPP Installation Directory: "c:\xampp\"
12:10:31  [main] 	Checking for prerequisites
12:10:33  [main] 	All prerequisites found
12:10:33  [main] 	Initializing Modules
12:10:33  [main] 	Starting Check-Timer
12:10:33  [main] 	Control Panel Ready
18:16:43  [main] 	Deinitializing Modules
18:16:43  [main] 	Deinitializing Control Panel

09:30:37  [main] 	Initializing Control Panel
09:30:37  [main] 	Windows Version:  Enterprise  64-bit
09:30:37  [main] 	XAMPP Version: 7.2.27
09:30:37  [main] 	Control Panel Version: 3.2.4  [ Compiled: Jun 5th 2019 ]
09:30:37  [main] 	You are not running with administrator rights! This will work for
09:30:37  [main] 	most application stuff but whenever you do something with services
09:30:37  [main] 	there will be a security dialogue or things will break! So think 
09:30:37  [main] 	about running this application with administrator rights!
09:30:37  [main] 	XAMPP Installation Directory: "c:\xampp\"
09:30:37  [main] 	Checking for prerequisites
09:30:39  [main] 	All prerequisites found
09:30:39  [main] 	Initializing Modules
09:30:39  [main] 	Starting Check-Timer
09:30:39  [main] 	Control Panel Ready
09:30:44  [Apache] 	Attempting to start Apache app...
09:30:44  [Apache] 	Status change detected: running
09:31:06  [mysql] 	Attempting to start MySQL app...
09:31:06  [mysql] 	Status change detected: running
11:53:42  [main] 	Deinitializing Modules
11:53:42  [main] 	Deinitializing Control Panel

09:30:37  [main] 	Initializing Control Panel
09:30:37  [main] 	Windows Version:  Enterprise  64-bit
09:30:37  [main] 	XAMPP Version: 7.2.27
09:30:37  [main] 	Control Panel Version: 3.2.4  [ Compiled: Jun 5th 2019 ]
09:30:37  [main] 	You are not running with administrator rights! This will work for
09:30:37  [main] 	most application stuff but whenever you do something with services
09:30:37  [main] 	there will be a security dialogue or things will break! So think 
09:30:37  [main] 	about running this application with administrator rights!
09:30:37  [main] 	XAMPP Installation Directory: "c:\xampp\"
09:30:37  [main] 	Checking for prerequisites
09:30:39  [main] 	All prerequisites found
09:30:39  [main] 	Initializing Modules
09:30:39  [main] 	Starting Check-Timer
09:30:39  [main] 	Control Panel Ready
09:30:44  [Apache] 	Status change detected: running
09:31:06  [mysql] 	Status change detected: running
11:53:42  [main] 	Deinitializing Modules
11:53:42  [main] 	Deinitializing Control Panel

21:53:03  [main] 	Initializing Control Panel
21:53:03  [main] 	Windows Version:  Enterprise  64-bit
21:53:03  [main] 	XAMPP Version: 7.2.27
21:53:03  [main] 	Control Panel Version: 3.2.4  [ Compiled: Jun 5th 2019 ]
21:53:03  [main] 	You are not running with administrator rights! This will work for
21:53:03  [main] 	most application stuff but whenever you do something with services
21:53:03  [main] 	there will be a security dialogue or things will break! So think 
21:53:03  [main] 	about running this application with administrator rights!
21:53:03  [main] 	XAMPP Installation Directory: "c:\xampp\"
21:53:03  [main] 	Checking for prerequisites
21:53:03  [main] 	All prerequisites found
21:53:03  [main] 	Initializing Modules
21:53:03  [main] 	Starting Check-Timer
21:53:03  [main] 	Control Panel Ready
21:53:16  [Apache] 	Status change detected: running
21:53:17  [mysql] 	Status change detected: running
22:22:07  [Apache] 	Status change detected: stopped
22:22:07  [Apache] 	Error: Apache shutdown unexpectedly.
22:22:07  [Apache] 	This may be due to a blocked port, missing dependencies, 
22:22:07  [Apache] 	improper privileges, a crash, or a shutdown by another method.
22:22:07  [Apache] 	Press the Logs button to view error logs and check
22:22:07  [Apache] 	the Windows Event Viewer for more clues
22:22:07  [Apache] 	If you need more help, copy and post this
22:22:07  [Apache] 	entire log window on the forums
22:22:29  [Apache] 	Status change detected: running
23:07:38  [main] 	Deinitializing Modules
23:07:38  [main] 	Deinitializing Control Panel

21:53:00  [main] 	Initializing Control Panel
21:53:00  [main] 	Windows Version:  Enterprise  64-bit
21:53:00  [main] 	XAMPP Version: 7.2.27
21:53:00  [main] 	Control Panel Version: 3.2.4  [ Compiled: Jun 5th 2019 ]
21:53:00  [main] 	You are not running with administrator rights! This will work for
21:53:00  [main] 	most application stuff but whenever you do something with services
21:53:00  [main] 	there will be a security dialogue or things will break! So think 
21:53:00  [main] 	about running this application with administrator rights!
21:53:00  [main] 	XAMPP Installation Directory: "c:\xampp\"
21:53:00  [main] 	Checking for prerequisites
21:53:03  [main] 	All prerequisites found
21:53:03  [main] 	Initializing Modules
21:53:03  [main] 	Starting Check-Timer
21:53:03  [main] 	Control Panel Ready
21:53:16  [Apache] 	Status change detected: running
21:53:17  [mysql] 	Status change detected: running
22:22:07  [Apache] 	Status change detected: stopped
22:22:07  [Apache] 	Error: Apache shutdown unexpectedly.
22:22:07  [Apache] 	This may be due to a blocked port, missing dependencies, 
22:22:07  [Apache] 	improper privileges, a crash, or a shutdown by another method.
22:22:07  [Apache] 	Press the Logs button to view error logs and check
22:22:07  [Apache] 	the Windows Event Viewer for more clues
22:22:07  [Apache] 	If you need more help, copy and post this
22:22:07  [Apache] 	entire log window on the forums
22:22:29  [Apache] 	Status change detected: running
23:07:38  [main] 	Deinitializing Modules
23:07:38  [main] 	Deinitializing Control Panel

20:06:42  [main] 	Initializing Control Panel
20:06:42  [main] 	Windows Version:  Enterprise  64-bit
20:06:42  [main] 	XAMPP Version: 7.2.27
20:06:42  [main] 	Control Panel Version: 3.2.4  [ Compiled: Jun 5th 2019 ]
20:06:42  [main] 	You are not running with administrator rights! This will work for
20:06:42  [main] 	most application stuff but whenever you do something with services
20:06:42  [main] 	there will be a security dialogue or things will break! So think 
20:06:42  [main] 	about running this application with administrator rights!
20:06:42  [main] 	XAMPP Installation Directory: "c:\xampp\"
20:06:42  [main] 	Checking for prerequisites
20:06:43  [main] 	All prerequisites found
20:06:43  [main] 	Initializing Modules
20:06:43  [Apache] 	XAMPP Apache is already running on port 80
20:06:43  [Apache] 	XAMPP Apache is already running on port 443
20:06:43  [mysql] 	XAMPP MySQL is already running on port 3306
20:06:43  [main] 	Starting Check-Timer
20:06:43  [main] 	Control Panel Ready
20:06:45  [Apache] 	Attempting to stop Apache (PID: 8568)
20:06:45  [Apache] 	Attempting to stop Apache (PID: 12516)
20:06:45  [Apache] 	Status change detected: stopped
20:06:46  [mysql] 	Attempting to stop MySQL app...
20:06:46  [mysql] 	Status change detected: stopped
20:06:47  [Apache] 	Attempting to start Apache app...
20:06:48  [Apache] 	Status change detected: running
20:06:49  [mysql] 	Attempting to start MySQL app...
20:06:49  [mysql] 	Status change detected: running
20:18:09  [Apache] 	Status change detected: stopped
20:18:09  [Apache] 	Error: Apache shutdown unexpectedly.
20:18:09  [Apache] 	This may be due to a blocked port, missing dependencies, 
20:18:09  [Apache] 	improper privileges, a crash, or a shutdown by another method.
20:18:09  [Apache] 	Press the Logs button to view error logs and check
20:18:09  [Apache] 	the Windows Event Viewer for more clues
20:18:09  [Apache] 	If you need more help, copy and post this
20:18:09  [Apache] 	entire log window on the forums
20:18:10  [mysql] 	Status change detected: stopped
20:18:11  [mysql] 	Error: MySQL shutdown unexpectedly.
20:18:11  [mysql] 	This may be due to a blocked port, missing dependencies, 
20:18:11  [mysql] 	improper privileges, a crash, or a shutdown by another method.
20:18:11  [mysql] 	Press the Logs button to view error logs and check
20:18:11  [mysql] 	the Windows Event Viewer for more clues
20:18:11  [mysql] 	If you need more help, copy and post this
20:18:11  [mysql] 	entire log window on the forums
20:18:34  [Apache] 	Status change detected: running
20:18:35  [mysql] 	Status change detected: running
20:35:15  [Apache] 	Status change detected: stopped
20:35:15  [Apache] 	Error: Apache shutdown unexpectedly.
20:35:15  [Apache] 	This may be due to a blocked port, missing dependencies, 
20:35:15  [Apache] 	improper privileges, a crash, or a shutdown by another method.
20:35:15  [Apache] 	Press the Logs button to view error logs and check
20:35:16  [Apache] 	the Windows Event Viewer for more clues
20:35:16  [Apache] 	If you need more help, copy and post this
20:35:16  [Apache] 	entire log window on the forums
20:35:16  [mysql] 	Status change detected: stopped
20:35:16  [mysql] 	Error: MySQL shutdown unexpectedly.
20:35:16  [mysql] 	This may be due to a blocked port, missing dependencies, 
20:35:16  [mysql] 	improper privileges, a crash, or a shutdown by another method.
20:35:16  [mysql] 	Press the Logs button to view error logs and check
20:35:17  [mysql] 	the Windows Event Viewer for more clues
20:35:17  [mysql] 	If you need more help, copy and post this
20:35:17  [mysql] 	entire log window on the forums
20:35:23  [Apache] 	Status change detected: running
20:35:24  [mysql] 	Status change detected: running
22:46:24  [main] 	Deinitializing Modules
22:46:25  [main] 	Deinitializing Control Panel

20:18:05  [main] 	Initializing Control Panel
20:18:05  [main] 	Windows Version:  Enterprise  64-bit
20:18:05  [main] 	XAMPP Version: 7.2.27
20:18:05  [main] 	Control Panel Version: 3.2.4  [ Compiled: Jun 5th 2019 ]
20:18:05  [main] 	You are not running with administrator rights! This will work for
20:18:05  [main] 	most application stuff but whenever you do something with services
20:18:05  [main] 	there will be a security dialogue or things will break! So think 
20:18:05  [main] 	about running this application with administrator rights!
20:18:05  [main] 	XAMPP Installation Directory: "c:\xampp\"
20:18:05  [main] 	Checking for prerequisites
20:18:05  [main] 	All prerequisites found
20:18:05  [main] 	Initializing Modules
20:18:05  [Apache] 	XAMPP Apache is already running on port 80
20:18:05  [Apache] 	XAMPP Apache is already running on port 443
20:18:05  [mysql] 	XAMPP MySQL is already running on port 3306
20:18:05  [main] 	Starting Check-Timer
20:18:05  [main] 	Control Panel Ready
20:18:09  [Apache] 	Status change detected: stopped
20:18:09  [Apache] 	Error: Apache shutdown unexpectedly.
20:18:09  [Apache] 	This may be due to a blocked port, missing dependencies, 
20:18:09  [Apache] 	improper privileges, a crash, or a shutdown by another method.
20:18:09  [Apache] 	Press the Logs button to view error logs and check
20:18:09  [Apache] 	the Windows Event Viewer for more clues
20:18:09  [Apache] 	If you need more help, copy and post this
20:18:09  [Apache] 	entire log window on the forums
20:18:11  [mysql] 	Status change detected: stopped
20:18:11  [mysql] 	Error: MySQL shutdown unexpectedly.
20:18:11  [mysql] 	This may be due to a blocked port, missing dependencies, 
20:18:11  [mysql] 	improper privileges, a crash, or a shutdown by another method.
20:18:11  [mysql] 	Press the Logs button to view error logs and check
20:18:11  [mysql] 	the Windows Event Viewer for more clues
20:18:11  [mysql] 	If you need more help, copy and post this
20:18:11  [mysql] 	entire log window on the forums
20:18:33  [Apache] 	Status change detected: running
20:18:34  [mysql] 	Status change detected: running
20:35:15  [Apache] 	Status change detected: stopped
20:35:15  [Apache] 	Error: Apache shutdown unexpectedly.
20:35:15  [Apache] 	This may be due to a blocked port, missing dependencies, 
20:35:15  [Apache] 	improper privileges, a crash, or a shutdown by another method.
20:35:16  [Apache] 	Press the Logs button to view error logs and check
20:35:16  [Apache] 	the Windows Event Viewer for more clues
20:35:16  [Apache] 	If you need more help, copy and post this
20:35:16  [Apache] 	entire log window on the forums
20:35:16  [mysql] 	Status change detected: stopped
20:35:16  [mysql] 	Error: MySQL shutdown unexpectedly.
20:35:16  [mysql] 	This may be due to a blocked port, missing dependencies, 
20:35:16  [mysql] 	improper privileges, a crash, or a shutdown by another method.
20:35:16  [mysql] 	Press the Logs button to view error logs and check
20:35:17  [mysql] 	the Windows Event Viewer for more clues
20:35:17  [mysql] 	If you need more help, copy and post this
20:35:17  [mysql] 	entire log window on the forums
20:35:23  [Apache] 	Status change detected: running
20:35:24  [mysql] 	Status change detected: running
22:46:25  [main] 	Deinitializing Modules
22:46:25  [main] 	Deinitializing Control Panel

11:19:51  [main] 	Initializing Control Panel
11:19:51  [main] 	Windows Version:  Enterprise  64-bit
11:19:51  [main] 	XAMPP Version: 7.2.27
11:19:51  [main] 	Control Panel Version: 3.2.4  [ Compiled: Jun 5th 2019 ]
11:19:51  [main] 	You are not running with administrator rights! This will work for
11:19:51  [main] 	most application stuff but whenever you do something with services
11:19:51  [main] 	there will be a security dialogue or things will break! So think 
11:19:51  [main] 	about running this application with administrator rights!
11:19:51  [main] 	XAMPP Installation Directory: "c:\xampp\"
11:19:51  [main] 	Checking for prerequisites
11:19:55  [main] 	All prerequisites found
11:19:55  [main] 	Initializing Modules
11:19:55  [main] 	Starting Check-Timer
11:19:55  [main] 	Control Panel Ready
11:20:07  [Apache] 	Attempting to start Apache app...
11:20:08  [Apache] 	Status change detected: running
11:20:08  [mysql] 	Attempting to start MySQL app...
11:20:09  [mysql] 	Status change detected: running
12:34:10  [main] 	Deinitializing Modules
12:34:10  [main] 	Deinitializing Control Panel

09:12:53  [main] 	Initializing Control Panel
09:12:53  [main] 	Windows Version:  Enterprise  64-bit
09:12:53  [main] 	XAMPP Version: 7.2.27
09:12:53  [main] 	Control Panel Version: 3.2.4  [ Compiled: Jun 5th 2019 ]
09:12:53  [main] 	You are not running with administrator rights! This will work for
09:12:53  [main] 	most application stuff but whenever you do something with services
09:12:53  [main] 	there will be a security dialogue or things will break! So think 
09:12:53  [main] 	about running this application with administrator rights!
09:12:53  [main] 	XAMPP Installation Directory: "c:\xampp\"
09:12:53  [main] 	Checking for prerequisites
09:12:57  [main] 	All prerequisites found
09:12:57  [main] 	Initializing Modules
09:12:57  [main] 	Starting Check-Timer
09:12:57  [main] 	Control Panel Ready
09:13:02  [Apache] 	Status change detected: running
09:13:03  [mysql] 	Status change detected: running
11:35:46  [main] 	Deinitializing Modules
11:35:46  [main] 	Deinitializing Control Panel

09:29:21  [main] 	Initializing Control Panel
09:29:21  [main] 	Windows Version:  Enterprise  64-bit
09:29:21  [main] 	XAMPP Version: 7.2.27
09:29:21  [main] 	Control Panel Version: 3.2.4  [ Compiled: Jun 5th 2019 ]
09:29:21  [main] 	You are not running with administrator rights! This will work for
09:29:21  [main] 	most application stuff but whenever you do something with services
09:29:21  [main] 	there will be a security dialogue or things will break! So think 
09:29:21  [main] 	about running this application with administrator rights!
09:29:21  [main] 	XAMPP Installation Directory: "c:\xampp\"
09:29:21  [main] 	Checking for prerequisites
09:29:23  [main] 	All prerequisites found
09:29:23  [main] 	Initializing Modules
09:29:23  [main] 	Starting Check-Timer
09:29:23  [main] 	Control Panel Ready
13:08:21  [main] 	Deinitializing Modules
13:08:21  [main] 	Deinitializing Control Panel

11:37:18  [main] 	Initializing Control Panel
11:37:18  [main] 	Windows Version:  Enterprise  64-bit
11:37:18  [main] 	XAMPP Version: 7.2.27
11:37:18  [main] 	Control Panel Version: 3.2.4  [ Compiled: Jun 5th 2019 ]
11:37:18  [main] 	You are not running with administrator rights! This will work for
11:37:18  [main] 	most application stuff but whenever you do something with services
11:37:18  [main] 	there will be a security dialogue or things will break! So think 
11:37:18  [main] 	about running this application with administrator rights!
11:37:18  [main] 	XAMPP Installation Directory: "c:\xampp\"
11:37:18  [main] 	Checking for prerequisites
11:37:21  [main] 	All prerequisites found
11:37:21  [main] 	Initializing Modules
11:37:21  [main] 	Starting Check-Timer
11:37:21  [main] 	Control Panel Ready
13:02:42  [main] 	Deinitializing Modules
13:02:42  [main] 	Deinitializing Control Panel

11:24:48  [main] 	Initializing Control Panel
11:24:49  [main] 	Windows Version:  Enterprise  64-bit
11:24:49  [main] 	XAMPP Version: 7.2.27
11:24:49  [main] 	Control Panel Version: 3.2.4  [ Compiled: Jun 5th 2019 ]
11:24:49  [main] 	You are not running with administrator rights! This will work for
11:24:49  [main] 	most application stuff but whenever you do something with services
11:24:49  [main] 	there will be a security dialogue or things will break! So think 
11:24:49  [main] 	about running this application with administrator rights!
11:24:49  [main] 	XAMPP Installation Directory: "c:\xampp\"
11:24:49  [main] 	Checking for prerequisites
11:24:52  [main] 	All prerequisites found
11:24:52  [main] 	Initializing Modules
11:24:52  [main] 	Starting Check-Timer
11:24:52  [main] 	Control Panel Ready
13:06:52  [main] 	Deinitializing Modules
13:06:52  [main] 	Deinitializing Control Panel

20:45:52  [main] 	Initializing Control Panel
20:45:52  [main] 	Windows Version:  Enterprise  64-bit
20:45:52  [main] 	XAMPP Version: 7.2.27
20:45:52  [main] 	Control Panel Version: 3.2.4  [ Compiled: Jun 5th 2019 ]
20:45:52  [main] 	You are not running with administrator rights! This will work for
20:45:52  [main] 	most application stuff but whenever you do something with services
20:45:52  [main] 	there will be a security dialogue or things will break! So think 
20:45:52  [main] 	about running this application with administrator rights!
20:45:52  [main] 	XAMPP Installation Directory: "c:\xampp\"
20:45:52  [main] 	Checking for prerequisites
20:45:52  [main] 	All prerequisites found
20:45:52  [main] 	Initializing Modules
20:45:52  [Apache] 	XAMPP Apache is already running on port 80
20:45:52  [Apache] 	XAMPP Apache is already running on port 443
20:45:52  [mysql] 	XAMPP MySQL is already running on port 3306
20:45:52  [main] 	Starting Check-Timer
20:45:52  [main] 	Control Panel Ready
20:46:40  [Apache] 	Attempting to stop Apache (PID: 9320)
20:46:40  [Apache] 	Attempting to stop Apache (PID: 8584)
20:46:40  [Apache] 	Status change detected: stopped
20:46:41  [mysql] 	Attempting to stop MySQL app...
20:46:41  [mysql] 	Status change detected: stopped
20:46:43  [Apache] 	Attempting to start Apache app...
20:46:43  [Apache] 	Status change detected: running
20:46:45  [mysql] 	Attempting to start MySQL app...
20:46:45  [mysql] 	Status change detected: running
22:58:33  [main] 	Deinitializing Modules
22:58:33  [main] 	Deinitializing Control Panel

